08/24/2020 03:28:05 PM: INFO : ************** Verifying Login Page Title **********
08/24/2020 03:28:32 PM: INFO : ************** Login test passed **********
08/24/2020 03:30:29 PM: INFO : ******* SearchCustomerByName_005 ******
08/24/2020 03:31:57 PM: INFO : ******** Login Successful ******
08/24/2020 03:31:57 PM: INFO : ****** Starting Search Customer By Name *******
08/24/2020 03:31:59 PM: INFO : ***** Searching Customer By Name *******
08/24/2020 03:32:05 PM: INFO : ************* TC_SearchCustomerByName_005 Finished **********
08/24/2020 03:32:15 PM: INFO : ******* SearchCustomerByEmail_004 ******
08/24/2020 03:33:05 PM: INFO : ******** Login Successful ******
08/24/2020 03:33:05 PM: INFO : ****** Starting Search Customer By Email *******
08/24/2020 03:33:17 PM: INFO : ************** Test_002_DDT_Login **********
08/24/2020 03:33:17 PM: INFO : ************** Verifying Login DDT test **********
08/24/2020 03:33:44 PM: INFO : *** Passed ***
08/24/2020 03:33:57 PM: INFO : *** Passed***
08/24/2020 03:34:04 PM: INFO : *** Passed***
08/24/2020 03:34:11 PM: INFO : *** Passed***
08/24/2020 03:34:11 PM: INFO : ***  Login DDT test passed ***
08/24/2020 03:34:14 PM: INFO : ***** End of Login DDT Test ********
08/24/2020 03:34:14 PM: INFO : ********** Completed  TC_LoginDDT_002
08/24/2020 03:34:19 PM: INFO : ************** Verifying Login Page Title **********
08/24/2020 03:34:34 PM: INFO : ************** Login test passed **********
08/24/2020 03:34:41 PM: INFO : ************** Test_001_Login **********
08/24/2020 03:34:41 PM: INFO : ************** Verifying Home Page Title **********
08/24/2020 03:34:49 PM: INFO : ************** Home Page Title test is passed **********
08/24/2020 03:36:36 PM: INFO : ************** Verifying Login Page Title **********
08/24/2020 03:36:58 PM: INFO : ************** Login test passed **********
08/24/2020 03:38:54 PM: INFO : ******* SearchCustomerByName_005 ******
08/24/2020 03:39:55 PM: INFO : ******** Login Successful ******
08/24/2020 03:39:55 PM: INFO : ****** Starting Search Customer By Name *******
08/24/2020 03:39:57 PM: INFO : ***** Searching Customer By Name *******
08/24/2020 03:40:03 PM: INFO : ************* TC_SearchCustomerByName_005 Finished **********
08/24/2020 03:40:13 PM: INFO : ******* SearchCustomerByEmail_004 ******
08/24/2020 03:40:26 PM: INFO : ******** Login Successful ******
08/24/2020 03:40:26 PM: INFO : ****** Starting Search Customer By Email *******
08/24/2020 03:40:28 PM: INFO : ***** Searching Customer By EmailID *******
08/24/2020 03:40:34 PM: INFO : ************* TC_SearchCustomerByEmail_004 Finished **********
08/24/2020 03:40:39 PM: INFO : ************** Test_002_DDT_Login **********
08/24/2020 03:40:39 PM: INFO : ************** Verifying Login DDT test **********
08/24/2020 03:41:20 PM: INFO : *** Passed ***
08/24/2020 03:41:28 PM: INFO : *** Passed***
08/24/2020 03:41:34 PM: INFO : *** Passed***
08/24/2020 03:41:41 PM: INFO : *** Passed***
08/24/2020 03:41:41 PM: INFO : ***  Login DDT test passed ***
08/24/2020 03:41:45 PM: INFO : ***** End of Login DDT Test ********
08/24/2020 03:41:45 PM: INFO : ********** Completed  TC_LoginDDT_002
08/24/2020 03:41:50 PM: INFO : ************** Verifying Login Page Title **********
08/24/2020 03:42:05 PM: INFO : ************** Login test passed **********
08/24/2020 03:42:10 PM: INFO : ************** Test_001_Login **********
08/24/2020 03:42:10 PM: INFO : ************** Verifying Home Page Title **********
08/24/2020 03:42:16 PM: INFO : ************** Home Page Title test is passed **********
08/25/2020 07:55:01 AM: INFO : ************** Verifying Login Page Title **********
08/25/2020 07:55:15 AM: INFO : ************** Login test passed **********
08/25/2020 08:02:09 AM: INFO : ************** Verifying Login Page Title **********
08/25/2020 08:02:26 AM: INFO : ************** Login test passed **********
08/25/2020 08:04:49 AM: INFO : ************** Verifying Login Page Title **********
08/25/2020 08:05:09 AM: INFO : ************** Login test passed **********
